<?xml version="1.0" encoding="UTF-8"?>
<TestRun id="353a6171-7f81-4cba-96d8-ee66ac9451ac" name="Mark@SHTANKY 2012-06-22 18:05:05" runUser="Shtanky\Mark" xmlns="http://microsoft.com/schemas/VisualStudio/TeamTest/2010">
  <TestSettings name="Local Test Run" id="d25656e5-eac1-495e-87e3-370cd44268f9">
    <Description>This is a default test run configuration for a local test run.</Description>
    <Deployment runDeploymentRoot="Mark_SHTANKY 2012-06-22 18_05_05">
      <DeploymentItem filename="C:\Users\Mark\Documents\Sailing\MatchRacing\TournamentFormatResearch\Simulation\SimulationSolution\TournamentSimulation\bin\Debug\TournamentSimulation.dll" />
      <DeploymentItem filename="C:\Users\Mark\Documents\Sailing\MatchRacing\TournamentFormatResearch\Simulation\SimulationSolution\ReferencedAssemblies\MathNet.Iridium.dll" />
    </Deployment>
    <Execution>
      <TestTypeSpecific />
      <AgentRule name="Execution Agents">
      </AgentRule>
    </Execution>
  </TestSettings>
  <Times creation="2012-06-22T18:05:05.6962000-05:00" queuing="2012-06-22T18:05:10.3202000-05:00" start="2012-06-22T18:05:10.4702000-05:00" finish="2012-06-22T18:05:31.4794000-05:00" />
  <ResultSummary outcome="Error">
    <Counters total="1" executed="1" error="0" failed="0" timeout="0" aborted="1" inconclusive="0" passedButRunAborted="0" notRunnable="0" notExecuted="0" disconnected="0" warning="0" passed="0" completed="0" inProgress="0" pending="0" />
    <RunInfos>
      <RunInfo computerName="SHTANKY" outcome="Error" timestamp="2012-06-22T18:05:31.4784000-05:00">
        <Text>Test host process exited unexpectedly.</Text>
      </RunInfo>
    </RunInfos>
  </ResultSummary>
  <TestDefinitions>
    <UnitTest name="GetEvenlySpacedCompetitorsTest" storage="c:\users\mark\documents\sailing\matchracing\tournamentformatresearch\simulation\simulationsolution\tournamentsimulation.test\bin\debug\tournamentsimulation.test.dll" id="02f25655-6b87-834e-40d1-58dddcde206f">
      <Execution id="34b991fa-6940-4e03-bb02-f812d5786e90" />
      <TestMethod codeBase="C:/Users/Mark/Documents/Sailing/MatchRacing/TournamentFormatResearch/Simulation/SimulationSolution/TournamentSimulation.Test/bin/Debug/TournamentSimulation.Test.DLL" adapterTypeName="Microsoft.VisualStudio.TestTools.TestTypes.Unit.UnitTestAdapter, Microsoft.VisualStudio.QualityTools.Tips.UnitTest.Adapter, Version=10.0.0.0, Culture=neutral, PublicKeyToken=b03f5f7f11d50a3a" className="TournamentSimulation.Test.CompetitorListHelperTest, TournamentSimulation.Test, Version=1.0.0.0, Culture=neutral, PublicKeyToken=null" name="GetEvenlySpacedCompetitorsTest" />
    </UnitTest>
  </TestDefinitions>
  <TestLists>
    <TestList name="Results Not in a List" id="8c84fa94-04c1-424b-9868-57a2d4851a1d" />
    <TestList name="All Loaded Results" id="19431567-8539-422a-85d7-44ee4e166bda" />
  </TestLists>
  <TestEntries>
    <TestEntry testId="02f25655-6b87-834e-40d1-58dddcde206f" executionId="34b991fa-6940-4e03-bb02-f812d5786e90" testListId="8c84fa94-04c1-424b-9868-57a2d4851a1d" />
  </TestEntries>
  <Results>
    <UnitTestResult executionId="34b991fa-6940-4e03-bb02-f812d5786e90" testId="02f25655-6b87-834e-40d1-58dddcde206f" testName="GetEvenlySpacedCompetitorsTest" computerName="SHTANKY" duration="00:00:20.8662000" startTime="2012-06-22T18:05:10.6132000-05:00" endTime="2012-06-22T18:05:31.4794000-05:00" testType="13cdc9d9-ddb5-4fa4-a97d-d965ccfc6d4b" outcome="Aborted" testListId="8c84fa94-04c1-424b-9868-57a2d4851a1d" relativeResultsDirectory="34b991fa-6940-4e03-bb02-f812d5786e90">
    </UnitTestResult>
  </Results>
</TestRun>