<?xml version="1.0" encoding="UTF-8"?>
<TestRun id="ca6a2ad7-beb3-4a58-bb4b-1b7d639dbc2a" name="mjohnson@LT0085 2010-11-04 08:15:06" runUser="SKYLINE\mjohnson" xmlns="http://microsoft.com/schemas/VisualStudio/TeamTest/2006">
  <TestRunConfiguration name="Local Test Run" id="d25656e5-eac1-495e-87e3-370cd44268f9">
    <Description>This is a default test run configuration for a local test run.</Description>
    <Deployment runDeploymentRoot="C:\Users\mjohnson\Documents\My Dropbox\Personal\TournamentFormatResearch\Simulation\SimulationSolution\TestResults\mjohnson_LT0085 2010-11-04 08_15_06">
      <DeploymentItem filename="C:\Users\mjohnson\Documents\My Dropbox\Personal\TournamentFormatResearch\Simulation\SimulationSolution\TournamentSimulation\obj\Debug\TournamentSimulation.dll" />
      <DeploymentItem filename="C:\Users\mjohnson\Documents\My Dropbox\Personal\TournamentFormatResearch\Simulation\SimulationSolution\ReferencedAssemblies\MathNet.Iridium.dll" />
    </Deployment>
    <TestTypeSpecific />
  </TestRunConfiguration>
  <ResultSummary outcome="Completed">
    <Counters total="1" executed="1" passed="1" error="0" failed="0" timeout="0" aborted="0" inconclusive="0" passedButRunAborted="0" notRunnable="0" notExecuted="0" disconnected="0" warning="0" completed="0" inProgress="0" pending="0" />
  </ResultSummary>
  <Times creation="2010-11-04T08:15:06.1033853-05:00" queuing="2010-11-04T08:15:06.7453853-05:00" start="2010-11-04T08:15:06.9323853-05:00" finish="2010-11-04T08:15:07.7803853-05:00" />
  <TestDefinitions>
    <UnitTest name="TestMatrixAddition" storage="c:\users\mjohnson\documents\my dropbox\personal\tournamentformatresearch\simulation\simulationsolution\tournamentsimulation.test\bin\debug\tournamentsimulation.test.dll" id="0245153c-0a6c-d362-9836-1ab19b6006d9">
      <Css projectStructure="" iteration="" />
      <Owners>
        <Owner name="" />
      </Owners>
      <Execution id="322d262c-3819-4936-be9f-235a34599dd2" />
      <TestMethod codeBase="C:\Users\mjohnson\Documents\My Dropbox\Personal\TournamentFormatResearch\Simulation\SimulationSolution\TournamentSimulation.Test\bin\Debug\TournamentSimulation.Test.dll" adapterTypeName="Microsoft.VisualStudio.TestTools.TestTypes.Unit.UnitTestAdapter, Microsoft.VisualStudio.QualityTools.Tips.UnitTest.Adapter, Version=9.0.0.0, Culture=neutral, PublicKeyToken=b03f5f7f11d50a3a" className="TournamentSimulation.Test.Experimental, TournamentSimulation.Test" name="TestMatrixAddition" />
    </UnitTest>
  </TestDefinitions>
  <TestLists>
    <TestList name="Results Not in a List" id="8c84fa94-04c1-424b-9868-57a2d4851a1d" />
    <TestList name="All Loaded Results" id="19431567-8539-422a-85d7-44ee4e166bda" />
  </TestLists>
  <TestEntries>
    <TestEntry testId="0245153c-0a6c-d362-9836-1ab19b6006d9" executionId="322d262c-3819-4936-be9f-235a34599dd2" testListId="8c84fa94-04c1-424b-9868-57a2d4851a1d" />
  </TestEntries>
  <Results>
    <UnitTestResult executionId="322d262c-3819-4936-be9f-235a34599dd2" testId="0245153c-0a6c-d362-9836-1ab19b6006d9" testName="TestMatrixAddition" computerName="LT0085" duration="00:00:00.2301328" startTime="2010-11-04T08:15:06.9753853-05:00" endTime="2010-11-04T08:15:07.7233853-05:00" testType="13cdc9d9-ddb5-4fa4-a97d-d965ccfc6d4b" outcome="Passed" testListId="8c84fa94-04c1-424b-9868-57a2d4851a1d">
      <Output>
        <DebugTrace>[[20,0]
 [10,10]]
</DebugTrace>
      </Output>
    </UnitTestResult>
  </Results>
</TestRun>